<?xml version="1.0" encoding="UTF-8"?>
<testsuite name="hexlet.code.DifferTest" tests="4" skipped="0" failures="0" errors="0" timestamp="2024-07-02T14:13:57" hostname="john-Lenovo-ideapad-310-15ISK" time="0.352">
  <properties/>
  <testcase name="parseFile()" classname="hexlet.code.DifferTest" time="0.309"/>
  <testcase name="generateWith1Empty()" classname="hexlet.code.DifferTest" time="0.024"/>
  <testcase name="generateWith2Empty()" classname="hexlet.code.DifferTest" time="0.005"/>
  <testcase name="generateEmptyTest()" classname="hexlet.code.DifferTest" time="0.004"/>
  <system-out><![CDATA[]]></system-out>
  <system-err><![CDATA[]]></system-err>
</testsuite>
